
[2022-09-17 23:38:03] development.INFO: insert domains new:isoweb.ovh ns1:ns1.isodev.ovh ns2:ns2.isodev.ovh  
[2022-09-17 23:38:36] development.INFO: insert domains new:isoweb.eu ns1:ns1.isodev.ovh ns2:ns2.isodev.ovh  
[2022-09-17 23:38:39] development.INFO: insert domains new:hark.ovh ns1:ns1.isodev.ovh ns2:ns2.isodev.ovh  
[2022-09-17 23:38:45] development.INFO: insert domains new:isostatic.ovh ns1:ns1.isodev.ovh ns2:ns2.isodev.ovh  
[2022-09-17 23:38:48] development.INFO: insert domains new:elitesquad.isodev.ovh ns1:ns1.isodev.ovh ns2:ns2.isodev.ovh  
[2022-09-17 23:43:00] development.INFO: delete domains deleted:hark.ovh  
[2022-09-17 23:43:05] development.INFO: insert domains new:hark.ovh ns1:ns1.isodev.ovh ns2:ns2.isodev.ovh  
[2022-10-10 16:06:30] local.INFO: insert domains new:treteaux.isodev.ovh ns1:ns1.isodev.ovh ns2:ns2.isodev.ovh  
[2022-10-10 17:02:18] local.INFO: insert domains new:isoweb.ovh ns1:ns1.isodev.ovh ns2:ns2.isodev.ovh  
[2022-10-10 17:02:20] local.INFO: insert domains new:hark.ovh ns1:ns1.isodev.ovh ns2:ns2.isodev.ovh  
[2022-10-10 17:02:26] local.INFO: insert domains new:isoweb.eu ns1:ns1.isodev.ovh ns2:ns2.isodev.ovh  
[2022-10-10 17:02:30] local.INFO: insert domains new:isostatic.ovh ns1:ns1.isodev.ovh ns2:ns2.isodev.ovh  
[2022-10-10 17:02:34] local.INFO: insert domains new:elitesquad.isodev.ovh ns1:ns1.isodev.ovh ns2:ns2.isodev.ovh  
[2022-10-10 17:02:38] local.INFO: insert domains new:treteaux.isodev.ovh ns1:ns1.isodev.ovh ns2:ns2.isodev.ovh  
[2022-10-11 12:20:29] local.INFO: insert domains new:isoweb.eu ns1:ns1.isodev.ovh ns2:ns2.isodev.ovh  
[2022-10-11 12:20:45] local.INFO: insert domains new:isoweb.ovh ns1:ns1.isodev.ovh ns2:ns2.isodev.ovh  
[2022-10-11 12:20:54] local.INFO: insert domains new:hark.ovh ns1:ns1.isodev.ovh ns2:ns2.isodev.ovh  
[2022-10-11 12:21:04] local.INFO: insert domains new:elitesquad.isodev.ovh ns1:ns1.isodev.ovh ns2:ns2.isodev.ovh  
[2022-10-11 12:21:13] local.INFO: insert domains new:treteaux.isodev.ovh ns1:ns1.isodev.ovh ns2:ns2.isodev.ovh  
[2022-10-11 19:22:47] local.INFO: delete domains deleted:treteaux.isodev.ovh  
[2022-10-11 19:23:06] local.INFO: insert domains new:treteaux.isodev.ovh ns1:ns1.isodev.ovh ns2:ns2.isodev.ovh  
[2022-11-02 10:18:40] local.INFO: insert domains new:isoweb.ovh ns1:ns1.isodev.ovh ns2:ns2.isodev.ovh  
[2022-11-02 10:18:59] local.INFO: insert domains new:hark.ovh ns1:ns1.isodev.ovh ns2:ns2.isodev.ovh  
[2022-11-02 10:19:03] local.INFO: insert domains new:isoweb.eu ns1:ns1.isodev.ovh ns2:ns2.isodev.ovh  
[2022-11-02 10:19:08] local.INFO: insert domains new:elitesquad.isodev.ovh ns1:ns1.isodev.ovh ns2:ns2.isodev.ovh  
[2022-11-02 10:19:11] local.INFO: insert domains new:treteaux.isodev.ovh ns1:ns1.isodev.ovh ns2:ns2.isodev.ovh  
[2022-11-02 10:33:07] local.INFO: insert domains new:isoweb.ovh ns1:ns1.isodev.ovh ns2:ns2.isodev.ovh  
[2022-11-02 10:33:12] local.INFO: insert domains new:hark.ovh ns1:ns1.isodev.ovh ns2:ns2.isodev.ovh  
[2022-11-02 10:33:15] local.INFO: insert domains new:isoweb.eu ns1:ns1.isodev.ovh ns2:ns2.isodev.ovh  
[2022-11-02 10:33:19] local.INFO: insert domains new:isostatic.ovh ns1:ns1.isodev.ovh ns2:ns2.isodev.ovh  
[2022-11-02 10:33:22] local.INFO: insert domains new:elitesquad.isodev.ovh ns1:ns1.isodev.ovh ns2:ns2.isodev.ovh  
[2022-11-02 10:33:27] local.INFO: insert domains new:treteaux.isodev.ovh ns1:ns1.isodev.ovh ns2:ns2.isodev.ovh  
[2022-11-02 10:47:52] local.INFO: insert domains new:isoweb.ovh ns1:ns1.isodev.ovh ns2:ns2.isodev.ovh  
[2022-11-02 10:47:55] local.INFO: insert domains new:hark.ovh ns1:ns1.isodev.ovh ns2:ns2.isodev.ovh  
[2022-11-02 10:47:59] local.INFO: insert domains new:isoweb.eu ns1:ns1.isodev.ovh ns2:ns2.isodev.ovh  
[2022-11-02 10:48:02] local.INFO: insert domains new:isostatic.ovh ns1:ns1.isodev.ovh ns2:ns2.isodev.ovh  
[2022-11-02 10:48:07] local.INFO: insert domains new:elitesquad.isodev.ovh ns1:ns1.isodev.ovh ns2:ns2.isodev.ovh  
[2022-11-02 10:48:09] local.INFO: insert domains new:treteaux.isodev.ovh ns1:ns1.isodev.ovh ns2:ns2.isodev.ovh  
[2022-11-02 11:11:42] local.INFO: insert domains new:isoweb.ovh ns1:ns1.isodev.ovh ns2:ns2.isodev.ovh  
[2022-11-02 11:11:48] local.INFO: insert domains new:hark.ovh ns1:ns1.isodev.ovh ns2:ns2.isodev.ovh  
[2022-11-02 11:11:51] local.INFO: insert domains new:isoweb.eu ns1:ns1.isodev.ovh ns2:ns2.isodev.ovh  
[2022-11-02 11:11:55] local.INFO: insert domains new:isostatic.ovh ns1:ns1.isodev.ovh ns2:ns2.isodev.ovh  
[2022-11-02 11:11:59] local.INFO: insert domains new:elitesquad.isodev.ovh ns1:ns1.isodev.ovh ns2:ns2.isodev.ovh  
[2022-11-02 11:12:03] local.INFO: insert domains new:treteaux.isodev.ovh ns1:ns1.isodev.ovh ns2:ns2.isodev.ovh  
[2022-11-04 16:31:28] local.INFO: delete domains deleted:treteaux.isodev.ovh  
[2022-11-04 16:31:31] local.INFO: delete domains deleted:isostatic.ovh  
[2022-11-04 16:31:32] local.INFO: delete domains deleted:elitesquad.isodev.ovh  
[2022-11-04 16:31:34] local.INFO: delete domains deleted:isoweb.eu  
[2022-11-04 16:31:35] local.INFO: delete domains deleted:hark.ovh  
